#
# A fatal error has been detected by the Java Runtime Environment:
#
#  EXCEPTION_ACCESS_VIOLATION (0xc0000005) at pc=0x00000000544810e0, pid=15704, tid=5128
#
# JRE version: Java(TM) SE Runtime Environment (8.0_91-b15) (build 1.8.0_91-b15)
# Java VM: Java HotSpot(TM) 64-Bit Server VM (25.91-b15 mixed mode windows-amd64 compressed oops)
# Problematic frame:
# V  [jvm.dll+0x1e10e0]
#
# Failed to write core dump. Minidumps are not enabled by default on client versions of Windows
#
# If you would like to submit a bug report, please visit:
#   http://bugreport.java.com/bugreport/crash.jsp
#

---------------  T H R E A D  ---------------

Current thread (0x0000000003234800):  JavaThread "main" [_thread_in_vm, id=5128, stack(0x0000000003130000,0x0000000003230000)]

siginfo: ExceptionCode=0xc0000005, reading address 0x0000000000000001

Registers:
RAX=0x0000000000000000, RBX=0x0000000003234800, RCX=0x0000000000000480, RDX=0x000000000322f600
RSP=0x000000000322f520, RBP=0x000000000322f5d0, RSI=0x0000000000000001, RDI=0x000000000322f878
R8 =0x0000000000000001, R9 =0x0000000002d97560, R10=0x0000000003350fc0, R11=0x00000000544c9d90
R12=0x0000000000000000, R13=0x000000001755fd58, R14=0x000000000322f600, R15=0x0000000003234800
RIP=0x00000000544810e0, EFLAGS=0x0000000000010246

Top of Stack: (sp=0x000000000322f520)
0x000000000322f520:   00000000032340e0 0000000003234800
0x000000000322f530:   000000001755fd58 0000000000000020
0x000000000322f540:   0000000003338180 0000000003350fec
0x000000000322f550:   000000001755fd58 000000000322f5d0
0x000000000322f560:   0000000000000020 000000001755fd58
0x000000000322f570:   0000000000000020 0000000003234800
0x000000000322f580:   000000000322f670 0000000003350a02
0x000000000322f590:   000000000322f590 000000001755fd58
0x000000000322f5a0:   000000000322f600 000000001758daa0
0x000000000322f5b0:   0000000000000000 000000001755fd58
0x000000000322f5c0:   0000000000000000 000000000322f5f0
0x000000000322f5d0:   000000000322f650 0000000003337f10
0x000000000322f5e0:   0000000000000000 00000000033471b7
0x000000000322f5f0:   0000000000000001 0000000003234800
0x000000000322f600:   00000000d5d889b8 00000000d5de13b0
0x000000000322f610:   000000000322f610 00000000178e043b 

Instructions: (pc=0x00000000544810e0)
0x00000000544810c0:   8b 43 30 a9 00 00 00 30 74 08 48 8b cb e8 5e f1
0x00000000544810d0:   05 00 c7 83 70 02 00 00 06 00 00 00 48 8b 7b 48
0x00000000544810e0:   48 8b 36 48 8b 47 10 48 8b 6f 08 48 83 38 00 74
0x00000000544810f0:   15 48 8b 57 28 48 8b cd e8 73 bc ee ff 48 8b 4f 


Register to memory mapping:

RAX=0x0000000000000000 is an unknown value
RBX=0x0000000003234800 is a thread
RCX=0x0000000000000480 is an unknown value
RDX=0x000000000322f600 is pointing into the stack for thread: 0x0000000003234800
RSP=0x000000000322f520 is pointing into the stack for thread: 0x0000000003234800
RBP=0x000000000322f5d0 is pointing into the stack for thread: 0x0000000003234800
RSI=0x0000000000000001 is an unknown value
RDI=0x000000000322f878 is pointing into the stack for thread: 0x0000000003234800
R8 =0x0000000000000001 is an unknown value
R9 =0x0000000002d97560 is an unknown value
R10=0x0000000003350fc0 is at code_begin+1632 in an Interpreter codelet
method entry point (kind = native)  [0x0000000003350960, 0x0000000003351980]  4128 bytes
R11=0x00000000544c9d90 is an unknown value
R12=0x0000000000000000 is an unknown value
R13={method} {0x000000001755fd60} 'getAddress' '(J)J' in 'sun/misc/Unsafe'
R14=0x000000000322f600 is pointing into the stack for thread: 0x0000000003234800
R15=0x0000000003234800 is a thread


Stack: [0x0000000003130000,0x0000000003230000],  sp=0x000000000322f520,  free space=1021k
Native frames: (J=compiled Java code, j=interpreted, Vv=VM code, C=native code)
V  [jvm.dll+0x1e10e0]
C  0x0000000003350fec

Java frames: (J=compiled Java code, j=interpreted, Vv=VM code)
j  sun.misc.Unsafe.getAddress(J)J+0
j  com.other.JUC.UnsafeDemo.main([Ljava/lang/String;)V+27
v  ~StubRoutines::call_stub

---------------  P R O C E S S  ---------------

Java Threads: ( => current thread )
  0x00000000192a9000 JavaThread "Service Thread" daemon [_thread_blocked, id=3492, stack(0x0000000019dd0000,0x0000000019ed0000)]
  0x000000001925d000 JavaThread "C1 CompilerThread2" daemon [_thread_blocked, id=12896, stack(0x0000000019cd0000,0x0000000019dd0000)]
  0x0000000019205800 JavaThread "C2 CompilerThread1" daemon [_thread_blocked, id=15196, stack(0x0000000019bd0000,0x0000000019cd0000)]
  0x0000000019202000 JavaThread "C2 CompilerThread0" daemon [_thread_blocked, id=13800, stack(0x0000000019ad0000,0x0000000019bd0000)]
  0x00000000191f2000 JavaThread "JDWP Command Reader" daemon [_thread_in_native, id=5668, stack(0x00000000199d0000,0x0000000019ad0000)]
  0x00000000191eb000 JavaThread "JDWP Event Helper Thread" daemon [_thread_blocked, id=9564, stack(0x00000000198d0000,0x00000000199d0000)]
  0x00000000191e9000 JavaThread "JDWP Transport Listener: dt_socket" daemon [_thread_blocked, id=9920, stack(0x00000000197d0000,0x00000000198d0000)]
  0x0000000017e93000 JavaThread "Attach Listener" daemon [_thread_blocked, id=9784, stack(0x00000000196d0000,0x00000000197d0000)]
  0x0000000017ed7800 JavaThread "Signal Dispatcher" daemon [_thread_blocked, id=2812, stack(0x00000000195d0000,0x00000000196d0000)]
  0x0000000017e6e800 JavaThread "Finalizer" daemon [_thread_blocked, id=16220, stack(0x00000000190d0000,0x00000000191d0000)]
  0x0000000003325000 JavaThread "Reference Handler" daemon [_thread_blocked, id=14468, stack(0x0000000018fd0000,0x00000000190d0000)]
=>0x0000000003234800 JavaThread "main" [_thread_in_vm, id=5128, stack(0x0000000003130000,0x0000000003230000)]

Other Threads:
  0x0000000017e47800 VMThread [stack: 0x0000000018ed0000,0x0000000018fd0000] [id=5012]
  0x00000000192c3800 WatcherThread [stack: 0x0000000019ed0000,0x0000000019fd0000] [id=7932]

VM state:not at safepoint (normal execution)

VM Mutex/Monitor currently owned by a thread: None

Heap:
 PSYoungGen      total 38400K, used 2662K [0x00000000d5d80000, 0x00000000d8800000, 0x0000000100000000)
  eden space 33280K, 8% used [0x00000000d5d80000,0x00000000d6019ab8,0x00000000d7e00000)
  from space 5120K, 0% used [0x00000000d8300000,0x00000000d8300000,0x00000000d8800000)
  to   space 5120K, 0% used [0x00000000d7e00000,0x00000000d7e00000,0x00000000d8300000)
 ParOldGen       total 87552K, used 0K [0x0000000081800000, 0x0000000086d80000, 0x00000000d5d80000)
  object space 87552K, 0% used [0x0000000081800000,0x0000000081800000,0x0000000086d80000)
 Metaspace       used 2874K, capacity 4486K, committed 4864K, reserved 1056768K
  class space    used 309K, capacity 386K, committed 512K, reserved 1048576K

Card table byte_map: [0x00000000126f0000,0x0000000012af0000] byte_map_base: 0x00000000122e4000

Marking Bits: (ParMarkBitMap*) 0x0000000054ab2f70
 Begin Bits: [0x00000000131a0000, 0x0000000015140000)
 End Bits:   [0x0000000015140000, 0x00000000170e0000)

Polling page: 0x0000000001460000

CodeCache: size=245760Kb used=1149Kb max_used=1149Kb free=244610Kb
 bounds [0x0000000003330000, 0x00000000035a0000, 0x0000000012330000]
 total_blobs=281 nmethods=52 adapters=150
 compilation: enabled

Compilation events (10 events):
Event: 0.395 Thread 0x000000001925d000   49       3       java.io.WinNTFileSystem::isLetter (30 bytes)
Event: 0.395 Thread 0x000000001925d000 nmethod 49 0x000000000344c910 code [0x000000000344ca80, 0x000000000344ccd0]
Event: 0.395 Thread 0x000000001925d000   48  s    1       java.util.Vector::size (5 bytes)
Event: 0.395 Thread 0x000000001925d000 nmethod 48 0x000000000344cd50 code [0x000000000344cea0, 0x000000000344d110]
Event: 0.404 Thread 0x000000001925d000   50       3       java.util.HashMap::put (13 bytes)
Event: 0.404 Thread 0x000000001925d000 nmethod 50 0x000000000344d190 code [0x000000000344d320, 0x000000000344d6d8]
Event: 0.404 Thread 0x000000001925d000   51       3       java.util.HashMap::putVal (300 bytes)
Event: 0.406 Thread 0x000000001925d000 nmethod 51 0x000000000344d810 code [0x000000000344da80, 0x000000000344edb8]
Event: 0.406 Thread 0x000000001925d000   52       3       java.util.HashMap$Node::<init> (26 bytes)
Event: 0.406 Thread 0x000000001925d000 nmethod 52 0x000000000344f550 code [0x000000000344f6a0, 0x000000000344f890]

GC Heap History (0 events):
No events

Deoptimization events (1 events):
Event: 0.400 Thread 0x0000000003234800 Uncommon trap: reason=unstable_if action=reinterpret pc=0x00000000034467fc method=java.lang.String.hashCode()I @ 14

Internal exceptions (2 events):
Event: 0.153 Thread 0x0000000003234800 Exception <a 'java/lang/NoSuchMethodError': Method sun.misc.Unsafe.defineClass(Ljava/lang/String;[BII)Ljava/lang/Class; name or signature does not match> (0x00000000d5d87cc0) thrown at [C:\re\workspace\8-2-build-windows-amd64-cygwin\jdk8u91\7017\hotspot\srSÑ\ì¢Ã?
Event: 0.153 Thread 0x0000000003234800 Exception <a 'java/lang/NoSuchMethodError': Method sun.misc.Unsafe.prefetchRead(Ljava/lang/Object;J)V name or signature does not match> (0x00000000d5d87fa8) thrown at [C:\re\workspace\8-2-build-windows-amd64-cygwin\jdk8u91\7017\hotspot\src\share\vm\prims\j

Events (10 events):
Event: 0.406 loading class java/lang/IllegalAccessException
Event: 0.406 loading class java/lang/IllegalAccessException done
Event: 0.406 loading class java/lang/Void
Event: 0.406 loading class java/lang/Void done
Event: 0.406 loading class sun/reflect/UnsafeFieldAccessorFactory
Event: 0.407 loading class sun/reflect/UnsafeFieldAccessorFactory done
Event: 0.407 loading class sun/reflect/UnsafeQualifiedStaticObjectFieldAccessorImpl
Event: 0.407 loading class sun/reflect/UnsafeQualifiedStaticFieldAccessorImpl
Event: 0.407 loading class sun/reflect/UnsafeQualifiedStaticFieldAccessorImpl done
Event: 0.407 loading class sun/reflect/UnsafeQualifiedStaticObjectFieldAccessorImpl done


Dynamic libraries:
0x00007ff6a93a0000 - 0x00007ff6a93d7000 	C:\tansj\Java\jdk1.8.0_91\bin\java.exe
0x00007ff8727a0000 - 0x00007ff872970000 	C:\WINDOWS\SYSTEM32\ntdll.dll
0x00007ff872210000 - 0x00007ff8722bc000 	C:\WINDOWS\System32\KERNEL32.DLL
0x00007ff86f6a0000 - 0x00007ff86f8bd000 	C:\WINDOWS\System32\KERNELBASE.dll
0x00007ff8724d0000 - 0x00007ff872572000 	C:\WINDOWS\System32\ADVAPI32.dll
0x00007ff8706f0000 - 0x00007ff87078e000 	C:\WINDOWS\System32\msvcrt.dll
0x00007ff8722c0000 - 0x00007ff872319000 	C:\WINDOWS\System32\sechost.dll
0x00007ff8723a0000 - 0x00007ff8724c1000 	C:\WINDOWS\System32\RPCRT4.dll
0x00007ff871eb0000 - 0x00007ff872015000 	C:\WINDOWS\System32\USER32.dll
0x00007ff86f490000 - 0x00007ff86f4ae000 	C:\WINDOWS\System32\win32u.dll
0x00007ff8726f0000 - 0x00007ff872724000 	C:\WINDOWS\System32\GDI32.dll
0x00007ff86f4b0000 - 0x00007ff86f631000 	C:\WINDOWS\System32\gdi32full.dll
0x00007ff862950000 - 0x00007ff862bca000 	C:\WINDOWS\WinSxS\amd64_microsoft.windows.common-controls_6595b64144ccf1df_6.0.14393.2608_none_7ddacc7e8347078e\COMCTL32.dll
0x00007ff870420000 - 0x00007ff8706e5000 	C:\WINDOWS\System32\combase.dll
0x00007ff86fc30000 - 0x00007ff86fd25000 	C:\WINDOWS\System32\ucrtbase.dll
0x00007ff86ed40000 - 0x00007ff86edaa000 	C:\WINDOWS\System32\bcryptPrimitives.dll
0x00007ff872580000 - 0x00007ff8725ae000 	C:\WINDOWS\System32\IMM32.DLL
0x0000000054b40000 - 0x0000000054c12000 	C:\tansj\Java\jdk1.8.0_91\jre\bin\msvcr100.dll
0x00000000542a0000 - 0x0000000054b33000 	C:\tansj\Java\jdk1.8.0_91\jre\bin\server\jvm.dll
0x00007ff872390000 - 0x00007ff872398000 	C:\WINDOWS\System32\PSAPI.DLL
0x00007ff86d1e0000 - 0x00007ff86d1e9000 	C:\WINDOWS\SYSTEM32\WSOCK32.dll
0x00007ff872320000 - 0x00007ff87238a000 	C:\WINDOWS\System32\WS2_32.dll
0x00007ff86d130000 - 0x00007ff86d153000 	C:\WINDOWS\SYSTEM32\WINMM.dll
0x00007ff86d100000 - 0x00007ff86d12b000 	C:\WINDOWS\SYSTEM32\WINMMBASE.dll
0x00007ff86fa10000 - 0x00007ff86fa52000 	C:\WINDOWS\System32\cfgmgr32.dll
0x00007ff865330000 - 0x00007ff86533a000 	C:\WINDOWS\SYSTEM32\VERSION.dll
0x0000000054290000 - 0x000000005429f000 	C:\tansj\Java\jdk1.8.0_91\jre\bin\verify.dll
0x0000000054260000 - 0x0000000054289000 	C:\tansj\Java\jdk1.8.0_91\jre\bin\java.dll
0x00000000540c0000 - 0x00000000540f5000 	C:\tansj\Java\jdk1.8.0_91\jre\bin\jdwp.dll
0x00000000540b0000 - 0x00000000540b8000 	C:\tansj\Java\jdk1.8.0_91\jre\bin\npt.dll
0x0000000054240000 - 0x0000000054256000 	C:\tansj\Java\jdk1.8.0_91\jre\bin\zip.dll
0x00007ff8707a0000 - 0x00007ff871ca5000 	C:\WINDOWS\System32\SHELL32.dll
0x00007ff86edb0000 - 0x00007ff86f489000 	C:\WINDOWS\System32\windows.storage.dll
0x00007ff86ec40000 - 0x00007ff86ec8c000 	C:\WINDOWS\System32\powrprof.dll
0x00007ff872740000 - 0x00007ff872792000 	C:\WINDOWS\System32\shlwapi.dll
0x00007ff86ec30000 - 0x00007ff86ec3f000 	C:\WINDOWS\System32\kernel.appcore.dll
0x00007ff86ec90000 - 0x00007ff86ed39000 	C:\WINDOWS\System32\shcore.dll
0x00007ff86ec00000 - 0x00007ff86ec14000 	C:\WINDOWS\System32\profapi.dll
0x0000000054070000 - 0x0000000054079000 	C:\tansj\Java\jdk1.8.0_91\jre\bin\dt_socket.dll
0x00007ff86e4d0000 - 0x00007ff86e52c000 	C:\WINDOWS\system32\mswsock.dll
0x00007ff867290000 - 0x00007ff867422000 	C:\WINDOWS\SYSTEM32\dbghelp.dll

VM Arguments:
jvm_args: -agentlib:jdwp=transport=dt_socket,address=127.0.0.1:60569,suspend=y,server=n -Dvisualvm.id=39345646230564 -Dfile.encoding=UTF-8 
java_command: com.other.JUC.UnsafeDemo
java_class_path (initial): C:\tansj\Java\jdk1.8.0_91\jre\lib\charsets.jar;C:\tansj\Java\jdk1.8.0_91\jre\lib\deploy.jar;C:\tansj\Java\jdk1.8.0_91\jre\lib\ext\access-bridge-64.jar;C:\tansj\Java\jdk1.8.0_91\jre\lib\ext\cldrdata.jar;C:\tansj\Java\jdk1.8.0_91\jre\lib\ext\dnsns.jar;C:\tansj\Java\jdk1.8.0_91\jre\lib\ext\jaccess.jar;C:\tansj\Java\jdk1.8.0_91\jre\lib\ext\jfxrt.jar;C:\tansj\Java\jdk1.8.0_91\jre\lib\ext\localedata.jar;C:\tansj\Java\jdk1.8.0_91\jre\lib\ext\nashorn.jar;C:\tansj\Java\jdk1.8.0_91\jre\lib\ext\sunec.jar;C:\tansj\Java\jdk1.8.0_91\jre\lib\ext\sunjce_provider.jar;C:\tansj\Java\jdk1.8.0_91\jre\lib\ext\sunmscapi.jar;C:\tansj\Java\jdk1.8.0_91\jre\lib\ext\sunpkcs11.jar;C:\tansj\Java\jdk1.8.0_91\jre\lib\ext\zipfs.jar;C:\tansj\Java\jdk1.8.0_91\jre\lib\javaws.jar;C:\tansj\Java\jdk1.8.0_91\jre\lib\jce.jar;C:\tansj\Java\jdk1.8.0_91\jre\lib\jfr.jar;C:\tansj\Java\jdk1.8.0_91\jre\lib\jfxswt.jar;C:\tansj\Java\jdk1.8.0_91\jre\lib\jsse.jar;C:\tansj\Java\jdk1.8.0_91\jre\lib\management-agent.jar;C:\tansj\Java\jdk1.8.0_91\jre\lib\plugin.jar;C:\tansj\Java\jdk1.8.0_91\jre\lib\resources.jar;C:\tansj\Java\jdk1.8.0_91\jre\lib\rt.jar;C:\tansj\my1\springboot\target\classes;C:\tansj\maven_local_repository\org\springframework\boot\spring-boot-starter-web\2.0.1.RELEASE\spring-boot-starter-web-2.0.1.RELEASE.jar;C:\tansj\maven_local_repository\org\springframework\boot\spring-boot-starter\2.0.1.RELEASE\spring-boot-starter-2.0.1.RELEASE.jar;C:\tansj\maven_local_repository\org\springframework\boot\spring-boot-starter-logging\2.0.1.RELEASE\spring-boot-starter-logging-2.0.1.RELEASE.jar;C:\tansj\maven_local_repository\ch\qos\logback\logback-classic\1.2.3\logback-classic-1.2.3.jar;C:\tansj\maven_local_repository\ch\qos\logback\logback-core\1.2.3\logback-core-1.2.3.jar;C:\tansj\maven_local_repository\org\apache\logging\log4j\log4j-to-slf4j\2.10.0\log4j-to-slf4j-2.10.0.jar;C:\tansj\maven_local_repository\org\apache\logging\log4j\log4j-api\2.10.0\log4j-api-2.10.0.jar;C:\tansj\maven_local_r
Launcher Type: SUN_STANDARD

Environment Variables:
JAVA_HOME=C:\tansj\Java\jdk1.8.0_91
PATH=C:\ProgramData\Oracle\Java\javapath;C:\WINDOWS\system32;C:\WINDOWS;C:\WINDOWS\System32\Wbem;C:\WINDOWS\System32\WindowsPowerShell\v1.0\;C:\tansj\Java\jdk1.8.0_91\bin;C:\dev\apache-maven-3.2.5\bin;C:\dev\TortoiseSVN\bin;C:\tansj\git\Git\cmd;C:\tansj\erlang\erl6.2\bin;C:\Program Files (x86)\Google\Chrome\Application;C:\Users\lenovo\AppData\Local\Programs\Python\Python37\Scripts\django-admin;C:\Program Files\nodejs\;C:\Program Files (x86)\Tesseract-OCR\tesseract;C:\Users\lenovo\AppData\Local\Programs\Python\Python37\Scripts\;C:\Users\lenovo\AppData\Local\Programs\Python\Python37\;C:\Users\lenovo\AppData\Local\Microsoft\WindowsApps;;C:\tansj\fiddler;C:\Users\lenovo\AppData\Roaming\npm
USERNAME=lenovo
OS=Windows_NT
PROCESSOR_IDENTIFIER=Intel64 Family 6 Model 142 Stepping 9, GenuineIntel



---------------  S Y S T E M  ---------------

OS: Windows 10.0 , 64 bit Build 14393 (10.0.14393.2608)

CPU:total 4 (2 cores per cpu, 2 threads per core) family 6 model 142 stepping 9, cmov, cx8, fxsr, mmx, sse, sse2, sse3, ssse3, sse4.1, sse4.2, popcnt, avx, avx2, aes, clmul, erms, 3dnowpref, lzcnt, ht, tsc, tscinvbit, bmi1, bmi2, adx

Memory: 4k page, physical 8289188k(2036856k free), swap 15629220k(4092480k free)

vm_info: Java HotSpot(TM) 64-Bit Server VM (25.91-b15) for windows-amd64 JRE (1.8.0_91-b15), built on May 20 2016 17:43:15 by "java_re" with MS VC++ 10.0 (VS2010)

time: Mon Nov 19 20:09:30 2018
elapsed time: 0 seconds (0d 0h 0m 0s)

